Mplus VERSION 8.5
MUTHEN & MUTHEN
04/05/2021   9:43 AM

INPUT INSTRUCTIONS

  TITLE:	linear growth toeplitz

  DATA:	FILE IS data_r_gr4.csv;

  VARIABLE:	
      NAMES ARE easycbm1-easycbm4;
      MISSING ARE ALL (-99);

  ANALYSIS:	ESTIMATOR = MLR;


  MODEL:	

    i s | easycbm1@0 easycbm2@1.35 easycbm3@3.65 easycbm4@6.67;
    easycbm1-easycbm4 (resvar);
    easycbm1-easycbm3 PWITH easycbm2-easycbm4 (p1);
    easycbm1-easycbm2 PWITH easycbm3-easycbm4 (p2);
    easycbm1 WITH easycbm4 (p3);

  MODEL CONSTRAINT:

    NEW (corr);
    p1 = resvar*corr;
    p2 = resvar*corr**2;
    p3 = resvar*corr**3;

  OUTPUT:
      STDYX;



INPUT READING TERMINATED NORMALLY



linear growth toeplitz

SUMMARY OF ANALYSIS

Number of groups                                                 1
Number of observations                                         737

Number of dependent variables                                    4
Number of independent variables                                  0
Number of continuous latent variables                            2

Observed dependent variables

  Continuous
   EASYCBM1    EASYCBM2    EASYCBM3    EASYCBM4

Continuous latent variables
   I           S


Estimator                                                      MLR
Information matrix                                        OBSERVED
Maximum number of iterations                                  1000
Convergence criterion                                    0.500D-04
Maximum number of steepest descent iterations                   20
Maximum number of iterations for H1                           2000
Convergence criterion for H1                             0.100D-03

Input data file(s)
  data_r_gr4.csv

Input data format  FREE


SUMMARY OF DATA

     Number of missing data patterns            15


COVARIANCE COVERAGE OF DATA

Minimum covariance coverage value   0.100


     PROPORTION OF DATA PRESENT


           Covariance Coverage
              EASYCBM1      EASYCBM2      EASYCBM3      EASYCBM4
              ________      ________      ________      ________
 EASYCBM1       0.768
 EASYCBM2       0.220         0.285
 EASYCBM3       0.593         0.237         0.775
 EASYCBM4       0.528         0.197         0.544         0.678



UNIVARIATE SAMPLE STATISTICS


     UNIVARIATE HIGHER-ORDER MOMENT DESCRIPTIVE STATISTICS

         Variable/         Mean/     Skewness/   Minimum/ % with                Percentiles
        Sample Size      Variance    Kurtosis    Maximum  Min/Max      20%/60%    40%/80%    Median

     EASYCBM1            111.699       0.136       1.164    0.18%      83.737    101.924    110.788
             566.000     997.996       0.412     222.298    0.18%     120.263    135.773
     EASYCBM2            116.232      -0.391      17.050    0.48%      89.109    108.664    121.692
             210.000    1287.655      -0.114     201.741    0.48%     129.383    146.316
     EASYCBM3            134.542       0.339      37.439    0.18%     106.176    124.593    132.668
             571.000    1183.437       0.222     257.369    0.18%     140.641    161.347
     EASYCBM4            122.826       0.042      42.823    0.20%      92.709    112.959    121.555
             500.000    1135.299      -0.440     212.496    0.20%     131.165    152.811


THE MODEL ESTIMATION TERMINATED NORMALLY

     WARNING:  THE LATENT VARIABLE COVARIANCE MATRIX (PSI) IS NOT POSITIVE
     DEFINITE.  THIS COULD INDICATE A NEGATIVE VARIANCE/RESIDUAL VARIANCE FOR A
     LATENT VARIABLE, A CORRELATION GREATER OR EQUAL TO ONE BETWEEN TWO LATENT
     VARIABLES, OR A LINEAR DEPENDENCY AMONG MORE THAN TWO LATENT VARIABLES.
     CHECK THE TECH4 OUTPUT FOR MORE INFORMATION.
     PROBLEM INVOLVING VARIABLE S.




MODEL FIT INFORMATION

Number of Free Parameters                        7

Loglikelihood

          H0 Value                       -8793.920
          H0 Scaling Correction Factor      1.5678
            for MLR
          H1 Value                       -8631.888
          H1 Scaling Correction Factor      1.5444
            for MLR

Information Criteria

          Akaike (AIC)                   17601.840
          Bayesian (BIC)                 17634.058
          Sample-Size Adjusted BIC       17611.831
            (n* = (n + 2) / 24)

Chi-Square Test of Model Fit

          Value                            213.065*
          Degrees of Freedom                     7
          P-Value                           0.0000
          Scaling Correction Factor         1.5210
            for MLR

*   The chi-square value for MLM, MLMV, MLR, ULSMV, WLSM and WLSMV cannot be used
    for chi-square difference testing in the regular way.  MLM, MLR and WLSM
    chi-square difference testing is described on the Mplus website.  MLMV, WLSMV,
    and ULSMV difference testing is done using the DIFFTEST option.

RMSEA (Root Mean Square Error Of Approximation)

          Estimate                           0.200
          90 Percent C.I.                    0.177  0.223
          Probability RMSEA <= .05           0.000

CFI/TLI

          CFI                                0.501
          TLI                                0.572

Chi-Square Test of Model Fit for the Baseline Model

          Value                            418.797
          Degrees of Freedom                     6
          P-Value                           0.0000

SRMR (Standardized Root Mean Square Residual)

          Value                              0.163



MODEL RESULTS

                                                    Two-Tailed
                    Estimate       S.E.  Est./S.E.    P-Value

 I        |
    EASYCBM1           1.000      0.000    999.000    999.000
    EASYCBM2           1.000      0.000    999.000    999.000
    EASYCBM3           1.000      0.000    999.000    999.000
    EASYCBM4           1.000      0.000    999.000    999.000

 S        |
    EASYCBM1           0.000      0.000    999.000    999.000
    EASYCBM2           1.350      0.000    999.000    999.000
    EASYCBM3           3.650      0.000    999.000    999.000
    EASYCBM4           6.670      0.000    999.000    999.000

 S        WITH
    I                 49.693     10.953      4.537      0.000

 EASYCBM1 WITH
    EASYCBM2           4.843     43.584      0.111      0.912
    EASYCBM3           0.045      0.812      0.056      0.956
    EASYCBM4           0.000      0.011      0.037      0.970

 EASYCBM2 WITH
    EASYCBM3           4.843     43.584      0.111      0.912
    EASYCBM4           0.045      0.812      0.056      0.956

 EASYCBM3 WITH
    EASYCBM4           4.843     43.584      0.111      0.912

 Means
    I                112.037      1.191     94.047      0.000
    S                  2.648      0.176     15.022      0.000

 Intercepts
    EASYCBM1           0.000      0.000    999.000    999.000
    EASYCBM2           0.000      0.000    999.000    999.000
    EASYCBM3           0.000      0.000    999.000    999.000
    EASYCBM4           0.000      0.000    999.000    999.000

 Variances
    I                583.001     83.830      6.955      0.000
    S                -10.724      2.928     -3.662      0.000

 Residual Variances
    EASYCBM1         517.756     56.834      9.110      0.000
    EASYCBM2         517.756     56.834      9.110      0.000
    EASYCBM3         517.756     56.834      9.110      0.000
    EASYCBM4         517.756     56.834      9.110      0.000

New/Additional Parameters
    CORR               0.009      0.084      0.112      0.911


STANDARDIZED MODEL RESULTS


STDYX Standardization

                                                    Two-Tailed
                    Estimate       S.E.  Est./S.E.    P-Value

 I        |
    EASYCBM1           0.728      0.040     18.352      0.000
    EASYCBM2           0.693      0.045     15.522      0.000
    EASYCBM3           0.664      0.047     14.059      0.000
    EASYCBM4           0.673      0.045     14.918      0.000

 S        |
    EASYCBM1         999.000    999.000    999.000    999.000
    EASYCBM2         999.000    999.000    999.000    999.000
    EASYCBM3         999.000    999.000    999.000    999.000
    EASYCBM4         999.000    999.000    999.000    999.000

 S        WITH
    I                999.000    999.000    999.000    999.000

 EASYCBM1 WITH
    EASYCBM2           0.009      0.084      0.112      0.911
    EASYCBM3           0.000      0.002      0.056      0.955
    EASYCBM4           0.000      0.000      0.037      0.970

 EASYCBM2 WITH
    EASYCBM3           0.009      0.084      0.112      0.911
    EASYCBM4           0.000      0.002      0.056      0.955

 EASYCBM3 WITH
    EASYCBM4           0.009      0.084      0.112      0.911

 Means
    I                  4.640      0.335     13.842      0.000
    S                999.000    999.000    999.000    999.000

 Intercepts
    EASYCBM1           0.000      0.000    999.000    999.000
    EASYCBM2           0.000      0.000    999.000    999.000
    EASYCBM3           0.000      0.000    999.000    999.000
    EASYCBM4           0.000      0.000    999.000    999.000

 Variances
    I                  1.000      0.000    999.000    999.000
    S                999.000    999.000    999.000    999.000

 Residual Variances
    EASYCBM1           0.470      0.058      8.149      0.000
    EASYCBM2           0.426      0.044      9.590      0.000
    EASYCBM3           0.392      0.038     10.312      0.000
    EASYCBM4           0.402      0.049      8.174      0.000


R-SQUARE

    Observed                                        Two-Tailed
    Variable        Estimate       S.E.  Est./S.E.    P-Value

    EASYCBM1           0.530      0.058      9.176      0.000
    EASYCBM2           0.574      0.044     12.922      0.000
    EASYCBM3           0.608      0.038     15.991      0.000
    EASYCBM4           0.598      0.049     12.138      0.000


QUALITY OF NUMERICAL RESULTS

     Condition Number for the Information Matrix              0.428E-03
       (ratio of smallest to largest eigenvalue)


DIAGRAM INFORMATION

  Use View Diagram under the Diagram menu in the Mplus Editor to view the diagram.
  If running Mplus from the Mplus Diagrammer, the diagram opens automatically.

  Diagram output
    c:\users\jnese\desktop\brt\grant-core\project\publications\consequential_validity_study\consequential_validity_paper

     Beginning Time:  09:43:56
        Ending Time:  09:43:56
       Elapsed Time:  00:00:00



MUTHEN & MUTHEN
3463 Stoner Ave.
Los Angeles, CA  90066

Tel: (310) 391-9971
Fax: (310) 391-8971
Web: www.StatModel.com
Support: Support@StatModel.com

Copyright (c) 1998-2020 Muthen & Muthen
