Mplus VERSION 8.5
MUTHEN & MUTHEN
03/22/2021   1:21 PM

INPUT INSTRUCTIONS

  TITLE:	linear growth toeplitz

  DATA:	FILE IS data_r_gr4.csv;

  VARIABLE:	
      NAMES ARE easycbm1-easycbm4;
      MISSING ARE ALL (-99);

  ANALYSIS:	ESTIMATOR = MLR;
      ITERATIONS = 1000000;

  MODEL:	

      i by  easycbm1-easycbm4@1;
      s by easycbm1@0 easycbm2@1.35 easycbm3@3.65 easycbm4@6.67;
      [easycbm1-easycbm4@0];
      [i s];

      easycbm1-easycbm4 (var1-var4);
      easycbm1 with easycbm2 (cov12);
      easycbm1 with easycbm3 (cov13);
      easycbm1 with easycbm4 (cov14);
      easycbm2 with easycbm3 (cov23);
      easycbm2 with easycbm4 (cov24);
      easycbm3 with easycbm4 (cov34);

  MODEL CONSTRAINT:

      new(cor1, cor2, cor3);
      cov12 = cor1*sqrt(var1)*sqrt(var2);
      cov23 = cor1*sqrt(var2)*sqrt(var3);
      cov34 = cor1*sqrt(var3)*sqrt(var4);
      cov13 = cor2*sqrt(var1)*sqrt(var3);
      cov24 = cor2*sqrt(var2)*sqrt(var4);
      cov14 = cor3*sqrt(var1)*sqrt(var4);

  OUTPUT:
      STDYX;



INPUT READING TERMINATED NORMALLY



linear growth toeplitz

SUMMARY OF ANALYSIS

Number of groups                                                 1
Number of observations                                         737

Number of dependent variables                                    4
Number of independent variables                                  0
Number of continuous latent variables                            2

Observed dependent variables

  Continuous
   EASYCBM1    EASYCBM2    EASYCBM3    EASYCBM4

Continuous latent variables
   I           S


Estimator                                                      MLR
Information matrix                                        OBSERVED
Maximum number of iterations                               1000000
Convergence criterion                                    0.500D-04
Maximum number of steepest descent iterations                   20
Maximum number of iterations for H1                           2000
Convergence criterion for H1                             0.100D-03

Input data file(s)
  data_r_gr4.csv

Input data format  FREE


SUMMARY OF DATA

     Number of missing data patterns            15


COVARIANCE COVERAGE OF DATA

Minimum covariance coverage value   0.100


     PROPORTION OF DATA PRESENT


           Covariance Coverage
              EASYCBM1      EASYCBM2      EASYCBM3      EASYCBM4
              ________      ________      ________      ________
 EASYCBM1       0.768
 EASYCBM2       0.220         0.285
 EASYCBM3       0.593         0.237         0.775
 EASYCBM4       0.528         0.197         0.544         0.678



UNIVARIATE SAMPLE STATISTICS


     UNIVARIATE HIGHER-ORDER MOMENT DESCRIPTIVE STATISTICS

         Variable/         Mean/     Skewness/   Minimum/ % with                Percentiles
        Sample Size      Variance    Kurtosis    Maximum  Min/Max      20%/60%    40%/80%    Median

     EASYCBM1            111.699       0.136       1.164    0.18%      83.737    101.924    110.788
             566.000     997.996       0.412     222.298    0.18%     120.263    135.773
     EASYCBM2            116.232      -0.391      17.050    0.48%      89.109    108.664    121.692
             210.000    1287.655      -0.114     201.741    0.48%     129.383    146.316
     EASYCBM3            134.542       0.339      37.439    0.18%     106.176    124.593    132.668
             571.000    1183.437       0.222     257.369    0.18%     140.641    161.347
     EASYCBM4            122.826       0.042      42.823    0.20%      92.709    112.959    121.555
             500.000    1135.299      -0.440     212.496    0.20%     131.165    152.811


THE MODEL ESTIMATION TERMINATED NORMALLY

     WARNING:  THE RESIDUAL COVARIANCE MATRIX (THETA) IS NOT POSITIVE DEFINITE.
     THIS COULD INDICATE A NEGATIVE VARIANCE/RESIDUAL VARIANCE FOR AN OBSERVED
     VARIABLE, A CORRELATION GREATER OR EQUAL TO ONE BETWEEN TWO OBSERVED
     VARIABLES, OR A LINEAR DEPENDENCY AMONG MORE THAN TWO OBSERVED VARIABLES.
     CHECK THE RESULTS SECTION FOR MORE INFORMATION.
     PROBLEM INVOLVING VARIABLE EASYCBM4.




MODEL FIT INFORMATION

Number of Free Parameters                       12

Loglikelihood

          H0 Value                       -8752.710
          H0 Scaling Correction Factor      1.4919
            for MLR
          H1 Value                       -8631.888
          H1 Scaling Correction Factor      1.5444
            for MLR

Information Criteria

          Akaike (AIC)                   17529.420
          Bayesian (BIC)                 17584.651
          Sample-Size Adjusted BIC       17546.547
            (n* = (n + 2) / 24)

Chi-Square Test of Model Fit

          Value                            129.983*
          Degrees of Freedom                     2
          P-Value                           0.0000
          Scaling Correction Factor         1.8590
            for MLR

*   The chi-square value for MLM, MLMV, MLR, ULSMV, WLSM and WLSMV cannot be used
    for chi-square difference testing in the regular way.  MLM, MLR and WLSM
    chi-square difference testing is described on the Mplus website.  MLMV, WLSMV,
    and ULSMV difference testing is done using the DIFFTEST option.

RMSEA (Root Mean Square Error Of Approximation)

          Estimate                           0.295
          90 Percent C.I.                    0.253  0.339
          Probability RMSEA <= .05           0.000

CFI/TLI

          CFI                                0.690
          TLI                                0.070

Chi-Square Test of Model Fit for the Baseline Model

          Value                            418.797
          Degrees of Freedom                     6
          P-Value                           0.0000

SRMR (Standardized Root Mean Square Residual)

          Value                              0.169



MODEL RESULTS

                                                    Two-Tailed
                    Estimate       S.E.  Est./S.E.    P-Value

 I        BY
    EASYCBM1           1.000      0.000    999.000    999.000
    EASYCBM2           1.000      0.000    999.000    999.000
    EASYCBM3           1.000      0.000    999.000    999.000
    EASYCBM4           1.000      0.000    999.000    999.000

 S        BY
    EASYCBM1           0.000      0.000    999.000    999.000
    EASYCBM2           1.350      0.000    999.000    999.000
    EASYCBM3           3.650      0.000    999.000    999.000
    EASYCBM4           6.670      0.000    999.000    999.000

 S        WITH
    I                -11.482     23.223     -0.494      0.621

 EASYCBM1 WITH
    EASYCBM2          37.075     97.806      0.379      0.705
    EASYCBM3         325.215     91.656      3.548      0.000
    EASYCBM4         366.783     96.032      3.819      0.000

 EASYCBM2 WITH
    EASYCBM3          46.509    119.373      0.390      0.697
    EASYCBM4           3.050      1.760      1.733      0.083

 EASYCBM3 WITH
    EASYCBM4           0.290      0.829      0.350      0.726

 Means
    I                109.910      1.413     77.809      0.000
    S                  2.833      0.184     15.424      0.000

 Intercepts
    EASYCBM1           0.000      0.000    999.000    999.000
    EASYCBM2           0.000      0.000    999.000    999.000
    EASYCBM3           0.000      0.000    999.000    999.000
    EASYCBM4           0.000      0.000    999.000    999.000

 Variances
    I                593.855    142.346      4.172      0.000
    S                 17.633      5.064      3.482      0.000

 Residual Variances
    EASYCBM1         420.576    138.207      3.043      0.002
    EASYCBM2         792.511    121.710      6.511      0.000
    EASYCBM3         661.860     88.063      7.516      0.000
    EASYCBM4           0.031      0.035      0.885      0.376

New/Additional Parameters
    COR1               0.064      0.162      0.396      0.692
    COR2               0.616      0.082      7.547      0.000
    COR3             101.747     64.615      1.575      0.115


STANDARDIZED MODEL RESULTS


STDYX Standardization

                                                    Two-Tailed
                    Estimate       S.E.  Est./S.E.    P-Value

 I        BY
    EASYCBM1           0.765      0.088      8.708      0.000
    EASYCBM2           0.654      0.072      9.146      0.000
    EASYCBM3           0.650      0.082      7.941      0.000
    EASYCBM4           0.696      0.081      8.643      0.000

 S        BY
    EASYCBM1           0.000      0.000    999.000    999.000
    EASYCBM2           0.152      0.023      6.642      0.000
    EASYCBM3           0.409      0.065      6.269      0.000
    EASYCBM4           0.800      0.109      7.311      0.000

 S        WITH
    I                 -0.112      0.202     -0.557      0.578

 EASYCBM1 WITH
    EASYCBM2           0.064      0.162      0.396      0.692
    EASYCBM3           0.616      0.082      7.547      0.000
    EASYCBM4         101.747     64.615      1.575      0.115

 EASYCBM2 WITH
    EASYCBM3           0.064      0.162      0.396      0.692
    EASYCBM4           0.616      0.082      7.547      0.000

 EASYCBM3 WITH
    EASYCBM4           0.064      0.162      0.396      0.692

 Means
    I                  4.510      0.530      8.516      0.000
    S                  0.675      0.097      6.959      0.000

 Intercepts
    EASYCBM1           0.000      0.000    999.000    999.000
    EASYCBM2           0.000      0.000    999.000    999.000
    EASYCBM3           0.000      0.000    999.000    999.000
    EASYCBM4           0.000      0.000    999.000    999.000

 Variances
    I                  1.000      0.000    999.000    999.000
    S                  1.000      0.000    999.000    999.000

 Residual Variances
    EASYCBM1           0.415      0.134      3.084      0.002
    EASYCBM2           0.571      0.065      8.831      0.000
    EASYCBM3           0.470      0.046     10.166      0.000
    EASYCBM4           0.000      0.000      0.885      0.376


R-SQUARE

    Observed                                        Two-Tailed
    Variable        Estimate       S.E.  Est./S.E.    P-Value

    EASYCBM1           0.585      0.134      4.354      0.000
    EASYCBM2           0.429      0.065      6.630      0.000
    EASYCBM3           0.530      0.046     11.443      0.000
    EASYCBM4           1.000      0.000   ********      0.000


QUALITY OF NUMERICAL RESULTS

     Condition Number for the Information Matrix              0.861E-07
       (ratio of smallest to largest eigenvalue)


DIAGRAM INFORMATION

  Use View Diagram under the Diagram menu in the Mplus Editor to view the diagram.
  If running Mplus from the Mplus Diagrammer, the diagram opens automatically.

  Diagram output
    c:\users\jnese\desktop\brt\grant-core\project\publications\consequential_validity_study\consequential_validity_paper

     Beginning Time:  13:21:11
        Ending Time:  13:21:37
       Elapsed Time:  00:00:26



MUTHEN & MUTHEN
3463 Stoner Ave.
Los Angeles, CA  90066

Tel: (310) 391-9971
Fax: (310) 391-8971
Web: www.StatModel.com
Support: Support@StatModel.com

Copyright (c) 1998-2020 Muthen & Muthen
